<?xml version="1.0" encoding="UTF-8"?>
<testng-results skipped="0" failed="0" ignored="0" total="1" passed="1">
  <reporter-output>
  </reporter-output>
  <suite name="Default suite" duration-ms="49261" started-at="2019-03-27T04:50:20Z" finished-at="2019-03-27T04:51:09Z">
    <groups>
    </groups>
    <test name="Default test" duration-ms="49261" started-at="2019-03-27T04:50:20Z" finished-at="2019-03-27T04:51:09Z">
      <class name="com.Tests.RediffPageSample">
        <test-method status="PASS" signature="SampleTest()[pri:0, instance:com.Tests.RediffPageSample@39fb3ab6]" name="SampleTest" duration-ms="49204" started-at="2019-03-26T23:50:20Z" finished-at="2019-03-26T23:51:09Z">
          <reporter-output>
          </reporter-output>
        </test-method> <!-- SampleTest -->
      </class> <!-- com.Tests.RediffPageSample -->
    </test> <!-- Default test -->
  </suite> <!-- Default suite -->
</testng-results>
